[1.289s] Invoking command in '/home/natch/projects/robot-map-poisoning-defense/src/attack_node': PYTHONPATH=/home/natch/projects/robot-map-poisoning-defense/build/attack_node/prefix_override:/usr/lib/python3/dist-packages/colcon_core/task/python/colcon_distutils_commands:/home/natch/projects/robot-map-poisoning-defense/install/attack_node/lib/python3.12/site-packages:${PYTHONPATH} /usr/bin/python3 -W ignore:setup.py install is deprecated -W ignore:easy_install command is deprecated setup.py egg_info --egg-base ../../build/attack_node build --build-base /home/natch/projects/robot-map-poisoning-defense/build/attack_node/build install --record /home/natch/projects/robot-map-poisoning-defense/build/attack_node/install.log --single-version-externally-managed install_data
[1.505s] running egg_info
[1.505s] creating ../../build/attack_node/attack_node.egg-info
[1.522s] writing ../../build/attack_node/attack_node.egg-info/PKG-INFO
[1.522s] writing dependency_links to ../../build/attack_node/attack_node.egg-info/dependency_links.txt
[1.522s] writing requirements to ../../build/attack_node/attack_node.egg-info/requires.txt
[1.522s] writing top-level names to ../../build/attack_node/attack_node.egg-info/top_level.txt
[1.522s] writing manifest file '../../build/attack_node/attack_node.egg-info/SOURCES.txt'
[1.550s] reading manifest file '../../build/attack_node/attack_node.egg-info/SOURCES.txt'
[1.552s] writing manifest file '../../build/attack_node/attack_node.egg-info/SOURCES.txt'
[1.552s] running build
[1.552s] running build_py
[1.552s] creating /home/natch/projects/robot-map-poisoning-defense/build/attack_node/build
[1.554s] creating /home/natch/projects/robot-map-poisoning-defense/build/attack_node/build/lib
[1.554s] creating /home/natch/projects/robot-map-poisoning-defense/build/attack_node/build/lib/attack_node
[1.554s] copying attack_node/__init__.py -> /home/natch/projects/robot-map-poisoning-defense/build/attack_node/build/lib/attack_node
[1.554s] running install
[1.559s] running install_lib
[1.574s] creating /home/natch/projects/robot-map-poisoning-defense/install/attack_node/lib/python3.12/site-packages/attack_node
[1.574s] copying /home/natch/projects/robot-map-poisoning-defense/build/attack_node/build/lib/attack_node/__init__.py -> /home/natch/projects/robot-map-poisoning-defense/install/attack_node/lib/python3.12/site-packages/attack_node
[1.575s] byte-compiling /home/natch/projects/robot-map-poisoning-defense/install/attack_node/lib/python3.12/site-packages/attack_node/__init__.py to __init__.cpython-312.pyc
[1.576s] running install_data
[1.578s] creating /home/natch/projects/robot-map-poisoning-defense/install/attack_node/share/ament_index
[1.578s] creating /home/natch/projects/robot-map-poisoning-defense/install/attack_node/share/ament_index/resource_index
[1.578s] creating /home/natch/projects/robot-map-poisoning-defense/install/attack_node/share/ament_index/resource_index/packages
[1.578s] copying resource/attack_node -> /home/natch/projects/robot-map-poisoning-defense/install/attack_node/share/ament_index/resource_index/packages
[1.578s] copying package.xml -> /home/natch/projects/robot-map-poisoning-defense/install/attack_node/share/attack_node
[1.578s] running install_egg_info
[1.594s] Copying ../../build/attack_node/attack_node.egg-info to /home/natch/projects/robot-map-poisoning-defense/install/attack_node/lib/python3.12/site-packages/attack_node-0.0.0-py3.12.egg-info
[1.595s] running install_scripts
[1.710s] writing list of installed files to '/home/natch/projects/robot-map-poisoning-defense/build/attack_node/install.log'
[1.758s] Invoked command in '/home/natch/projects/robot-map-poisoning-defense/src/attack_node' returned '0': PYTHONPATH=/home/natch/projects/robot-map-poisoning-defense/build/attack_node/prefix_override:/usr/lib/python3/dist-packages/colcon_core/task/python/colcon_distutils_commands:/home/natch/projects/robot-map-poisoning-defense/install/attack_node/lib/python3.12/site-packages:${PYTHONPATH} /usr/bin/python3 -W ignore:setup.py install is deprecated -W ignore:easy_install command is deprecated setup.py egg_info --egg-base ../../build/attack_node build --build-base /home/natch/projects/robot-map-poisoning-defense/build/attack_node/build install --record /home/natch/projects/robot-map-poisoning-defense/build/attack_node/install.log --single-version-externally-managed install_data
