running egg_info
creating ../../build/defense_node/defense_node.egg-info
writing ../../build/defense_node/defense_node.egg-info/PKG-INFO
writing dependency_links to ../../build/defense_node/defense_node.egg-info/dependency_links.txt
writing requirements to ../../build/defense_node/defense_node.egg-info/requires.txt
writing top-level names to ../../build/defense_node/defense_node.egg-info/top_level.txt
writing manifest file '../../build/defense_node/defense_node.egg-info/SOURCES.txt'
reading manifest file '../../build/defense_node/defense_node.egg-info/SOURCES.txt'
writing manifest file '../../build/defense_node/defense_node.egg-info/SOURCES.txt'
running build
running build_py
creating /home/natch/projects/robot-map-poisoning-defense/build/defense_node/build
creating /home/natch/projects/robot-map-poisoning-defense/build/defense_node/build/lib
creating /home/natch/projects/robot-map-poisoning-defense/build/defense_node/build/lib/defense_node
copying defense_node/__init__.py -> /home/natch/projects/robot-map-poisoning-defense/build/defense_node/build/lib/defense_node
running install
running install_lib
creating /home/natch/projects/robot-map-poisoning-defense/install/defense_node/lib/python3.12/site-packages/defense_node
copying /home/natch/projects/robot-map-poisoning-defense/build/defense_node/build/lib/defense_node/__init__.py -> /home/natch/projects/robot-map-poisoning-defense/install/defense_node/lib/python3.12/site-packages/defense_node
byte-compiling /home/natch/projects/robot-map-poisoning-defense/install/defense_node/lib/python3.12/site-packages/defense_node/__init__.py to __init__.cpython-312.pyc
running install_data
creating /home/natch/projects/robot-map-poisoning-defense/install/defense_node/share/ament_index
creating /home/natch/projects/robot-map-poisoning-defense/install/defense_node/share/ament_index/resource_index
creating /home/natch/projects/robot-map-poisoning-defense/install/defense_node/share/ament_index/resource_index/packages
copying resource/defense_node -> /home/natch/projects/robot-map-poisoning-defense/install/defense_node/share/ament_index/resource_index/packages
copying package.xml -> /home/natch/projects/robot-map-poisoning-defense/install/defense_node/share/defense_node
running install_egg_info
Copying ../../build/defense_node/defense_node.egg-info to /home/natch/projects/robot-map-poisoning-defense/install/defense_node/lib/python3.12/site-packages/defense_node-0.0.0-py3.12.egg-info
running install_scripts
writing list of installed files to '/home/natch/projects/robot-map-poisoning-defense/build/defense_node/install.log'
