[1.281s] Invoking command in '/home/natch/projects/robot-map-poisoning-defense/src/defense_node': PYTHONPATH=/home/natch/projects/robot-map-poisoning-defense/build/defense_node/prefix_override:/usr/lib/python3/dist-packages/colcon_core/task/python/colcon_distutils_commands:/home/natch/projects/robot-map-poisoning-defense/install/defense_node/lib/python3.12/site-packages:${PYTHONPATH} /usr/bin/python3 -W ignore:setup.py install is deprecated -W ignore:easy_install command is deprecated setup.py egg_info --egg-base ../../build/defense_node build --build-base /home/natch/projects/robot-map-poisoning-defense/build/defense_node/build install --record /home/natch/projects/robot-map-poisoning-defense/build/defense_node/install.log --single-version-externally-managed install_data
[1.491s] running egg_info
[1.491s] creating ../../build/defense_node/defense_node.egg-info
[1.506s] writing ../../build/defense_node/defense_node.egg-info/PKG-INFO
[1.507s] writing dependency_links to ../../build/defense_node/defense_node.egg-info/dependency_links.txt
[1.507s] writing requirements to ../../build/defense_node/defense_node.egg-info/requires.txt
[1.507s] writing top-level names to ../../build/defense_node/defense_node.egg-info/top_level.txt
[1.507s] writing manifest file '../../build/defense_node/defense_node.egg-info/SOURCES.txt'
[1.541s] reading manifest file '../../build/defense_node/defense_node.egg-info/SOURCES.txt'
[1.542s] writing manifest file '../../build/defense_node/defense_node.egg-info/SOURCES.txt'
[1.542s] running build
[1.542s] running build_py
[1.542s] creating /home/natch/projects/robot-map-poisoning-defense/build/defense_node/build
[1.542s] creating /home/natch/projects/robot-map-poisoning-defense/build/defense_node/build/lib
[1.544s] creating /home/natch/projects/robot-map-poisoning-defense/build/defense_node/build/lib/defense_node
[1.544s] copying defense_node/__init__.py -> /home/natch/projects/robot-map-poisoning-defense/build/defense_node/build/lib/defense_node
[1.544s] running install
[1.549s] running install_lib
[1.564s] creating /home/natch/projects/robot-map-poisoning-defense/install/defense_node/lib/python3.12/site-packages/defense_node
[1.565s] copying /home/natch/projects/robot-map-poisoning-defense/build/defense_node/build/lib/defense_node/__init__.py -> /home/natch/projects/robot-map-poisoning-defense/install/defense_node/lib/python3.12/site-packages/defense_node
[1.565s] byte-compiling /home/natch/projects/robot-map-poisoning-defense/install/defense_node/lib/python3.12/site-packages/defense_node/__init__.py to __init__.cpython-312.pyc
[1.567s] running install_data
[1.568s] creating /home/natch/projects/robot-map-poisoning-defense/install/defense_node/share/ament_index
[1.568s] creating /home/natch/projects/robot-map-poisoning-defense/install/defense_node/share/ament_index/resource_index
[1.569s] creating /home/natch/projects/robot-map-poisoning-defense/install/defense_node/share/ament_index/resource_index/packages
[1.569s] copying resource/defense_node -> /home/natch/projects/robot-map-poisoning-defense/install/defense_node/share/ament_index/resource_index/packages
[1.569s] copying package.xml -> /home/natch/projects/robot-map-poisoning-defense/install/defense_node/share/defense_node
[1.569s] running install_egg_info
[1.585s] Copying ../../build/defense_node/defense_node.egg-info to /home/natch/projects/robot-map-poisoning-defense/install/defense_node/lib/python3.12/site-packages/defense_node-0.0.0-py3.12.egg-info
[1.586s] running install_scripts
[1.689s] writing list of installed files to '/home/natch/projects/robot-map-poisoning-defense/build/defense_node/install.log'
[1.728s] Invoked command in '/home/natch/projects/robot-map-poisoning-defense/src/defense_node' returned '0': PYTHONPATH=/home/natch/projects/robot-map-poisoning-defense/build/defense_node/prefix_override:/usr/lib/python3/dist-packages/colcon_core/task/python/colcon_distutils_commands:/home/natch/projects/robot-map-poisoning-defense/install/defense_node/lib/python3.12/site-packages:${PYTHONPATH} /usr/bin/python3 -W ignore:setup.py install is deprecated -W ignore:easy_install command is deprecated setup.py egg_info --egg-base ../../build/defense_node build --build-base /home/natch/projects/robot-map-poisoning-defense/build/defense_node/build install --record /home/natch/projects/robot-map-poisoning-defense/build/defense_node/install.log --single-version-externally-managed install_data
