[0.522s] Invoking command in '/home/natch/projects/robot-map-poisoning-defense/build/map_sharing_msgs': CMAKE_PREFIX_PATH=${CMAKE_PREFIX_PATH}:/home/natch/projects/robot-map-poisoning-defense/install/test_node:/opt/ros/jazzy /usr/bin/cmake /home/natch/projects/robot-map-poisoning-defense/src/map_sharing_msgs -DCMAKE_INSTALL_PREFIX=/home/natch/projects/robot-map-poisoning-defense/install/map_sharing_msgs
[0.975s] -- The C compiler identification is GNU 13.3.0
[2.073s] -- The CXX compiler identification is GNU 13.3.0
[3.272s] -- Detecting C compiler ABI info
[3.587s] -- Detecting C compiler ABI info - done
[3.593s] -- Check for working C compiler: /usr/bin/cc - skipped
[3.602s] -- Detecting C compile features
[3.603s] -- Detecting C compile features - done
[3.712s] -- Detecting CXX compiler ABI info
[4.134s] -- Detecting CXX compiler ABI info - done
[4.140s] -- Check for working CXX compiler: /usr/bin/c++ - skipped
[4.140s] -- Detecting CXX compile features
[4.140s] -- Detecting CXX compile features - done
[4.168s] -- Found ament_cmake: 2.5.6 (/opt/ros/jazzy/share/ament_cmake/cmake)
[4.299s] -- Found Python3: /usr/bin/python3 (found version "3.12.3") found components: Interpreter 
[4.425s] -- Found ament_lint_auto: 0.17.5 (/opt/ros/jazzy/share/ament_lint_auto/cmake)
[4.536s] -- Added test 'lint_cmake' to check CMake code style
[4.537s] -- Added test 'xmllint' to check XML markup files
[4.539s] -- Configuring done (3.9s)
[4.543s] -- Generating done (0.0s)
[4.546s] -- Build files have been written to: /home/natch/projects/robot-map-poisoning-defense/build/map_sharing_msgs
[4.555s] Invoked command in '/home/natch/projects/robot-map-poisoning-defense/build/map_sharing_msgs' returned '0': CMAKE_PREFIX_PATH=${CMAKE_PREFIX_PATH}:/home/natch/projects/robot-map-poisoning-defense/install/test_node:/opt/ros/jazzy /usr/bin/cmake /home/natch/projects/robot-map-poisoning-defense/src/map_sharing_msgs -DCMAKE_INSTALL_PREFIX=/home/natch/projects/robot-map-poisoning-defense/install/map_sharing_msgs
[4.557s] Invoking command in '/home/natch/projects/robot-map-poisoning-defense/build/map_sharing_msgs': CMAKE_PREFIX_PATH=${CMAKE_PREFIX_PATH}:/home/natch/projects/robot-map-poisoning-defense/install/test_node:/opt/ros/jazzy /usr/bin/cmake --build /home/natch/projects/robot-map-poisoning-defense/build/map_sharing_msgs -- -j16 -l16
[4.591s] Invoked command in '/home/natch/projects/robot-map-poisoning-defense/build/map_sharing_msgs' returned '0': CMAKE_PREFIX_PATH=${CMAKE_PREFIX_PATH}:/home/natch/projects/robot-map-poisoning-defense/install/test_node:/opt/ros/jazzy /usr/bin/cmake --build /home/natch/projects/robot-map-poisoning-defense/build/map_sharing_msgs -- -j16 -l16
[4.600s] Invoking command in '/home/natch/projects/robot-map-poisoning-defense/build/map_sharing_msgs': CMAKE_PREFIX_PATH=${CMAKE_PREFIX_PATH}:/home/natch/projects/robot-map-poisoning-defense/install/test_node:/opt/ros/jazzy /usr/bin/cmake --install /home/natch/projects/robot-map-poisoning-defense/build/map_sharing_msgs
[4.607s] -- Install configuration: ""
[4.607s] -- Installing: /home/natch/projects/robot-map-poisoning-defense/install/map_sharing_msgs/share/ament_index/resource_index/package_run_dependencies/map_sharing_msgs
[4.608s] -- Installing: /home/natch/projects/robot-map-poisoning-defense/install/map_sharing_msgs/share/ament_index/resource_index/parent_prefix_path/map_sharing_msgs
[4.608s] -- Installing: /home/natch/projects/robot-map-poisoning-defense/install/map_sharing_msgs/share/map_sharing_msgs/environment/ament_prefix_path.sh
[4.608s] -- Installing: /home/natch/projects/robot-map-poisoning-defense/install/map_sharing_msgs/share/map_sharing_msgs/environment/ament_prefix_path.dsv
[4.608s] -- Installing: /home/natch/projects/robot-map-poisoning-defense/install/map_sharing_msgs/share/map_sharing_msgs/environment/path.sh
[4.608s] -- Installing: /home/natch/projects/robot-map-poisoning-defense/install/map_sharing_msgs/share/map_sharing_msgs/environment/path.dsv
[4.608s] -- Installing: /home/natch/projects/robot-map-poisoning-defense/install/map_sharing_msgs/share/map_sharing_msgs/local_setup.bash
[4.608s] -- Installing: /home/natch/projects/robot-map-poisoning-defense/install/map_sharing_msgs/share/map_sharing_msgs/local_setup.sh
[4.608s] -- Installing: /home/natch/projects/robot-map-poisoning-defense/install/map_sharing_msgs/share/map_sharing_msgs/local_setup.zsh
[4.609s] -- Installing: /home/natch/projects/robot-map-poisoning-defense/install/map_sharing_msgs/share/map_sharing_msgs/local_setup.dsv
[4.609s] -- Installing: /home/natch/projects/robot-map-poisoning-defense/install/map_sharing_msgs/share/map_sharing_msgs/package.dsv
[4.609s] -- Installing: /home/natch/projects/robot-map-poisoning-defense/install/map_sharing_msgs/share/ament_index/resource_index/packages/map_sharing_msgs
[4.609s] -- Installing: /home/natch/projects/robot-map-poisoning-defense/install/map_sharing_msgs/share/map_sharing_msgs/cmake/map_sharing_msgsConfig.cmake
[4.609s] -- Installing: /home/natch/projects/robot-map-poisoning-defense/install/map_sharing_msgs/share/map_sharing_msgs/cmake/map_sharing_msgsConfig-version.cmake
[4.609s] -- Installing: /home/natch/projects/robot-map-poisoning-defense/install/map_sharing_msgs/share/map_sharing_msgs/package.xml
[4.611s] Invoked command in '/home/natch/projects/robot-map-poisoning-defense/build/map_sharing_msgs' returned '0': CMAKE_PREFIX_PATH=${CMAKE_PREFIX_PATH}:/home/natch/projects/robot-map-poisoning-defense/install/test_node:/opt/ros/jazzy /usr/bin/cmake --install /home/natch/projects/robot-map-poisoning-defense/build/map_sharing_msgs
