[1.259s] Invoking command in '/home/natch/projects/robot-map-poisoning-defense/src/robot_patrol_node': PYTHONPATH=/home/natch/projects/robot-map-poisoning-defense/build/robot_patrol_node/prefix_override:/usr/lib/python3/dist-packages/colcon_core/task/python/colcon_distutils_commands:/home/natch/projects/robot-map-poisoning-defense/install/robot_patrol_node/lib/python3.12/site-packages:${PYTHONPATH} /usr/bin/python3 -W ignore:setup.py install is deprecated -W ignore:easy_install command is deprecated setup.py egg_info --egg-base ../../build/robot_patrol_node build --build-base /home/natch/projects/robot-map-poisoning-defense/build/robot_patrol_node/build install --record /home/natch/projects/robot-map-poisoning-defense/build/robot_patrol_node/install.log --single-version-externally-managed install_data
[1.475s] running egg_info
[1.476s] creating ../../build/robot_patrol_node/robot_patrol_node.egg-info
[1.494s] writing ../../build/robot_patrol_node/robot_patrol_node.egg-info/PKG-INFO
[1.494s] writing dependency_links to ../../build/robot_patrol_node/robot_patrol_node.egg-info/dependency_links.txt
[1.495s] writing requirements to ../../build/robot_patrol_node/robot_patrol_node.egg-info/requires.txt
[1.495s] writing top-level names to ../../build/robot_patrol_node/robot_patrol_node.egg-info/top_level.txt
[1.495s] writing manifest file '../../build/robot_patrol_node/robot_patrol_node.egg-info/SOURCES.txt'
[1.522s] reading manifest file '../../build/robot_patrol_node/robot_patrol_node.egg-info/SOURCES.txt'
[1.523s] writing manifest file '../../build/robot_patrol_node/robot_patrol_node.egg-info/SOURCES.txt'
[1.524s] running build
[1.524s] running build_py
[1.525s] creating /home/natch/projects/robot-map-poisoning-defense/build/robot_patrol_node/build
[1.525s] creating /home/natch/projects/robot-map-poisoning-defense/build/robot_patrol_node/build/lib
[1.526s] creating /home/natch/projects/robot-map-poisoning-defense/build/robot_patrol_node/build/lib/robot_patrol_node
[1.527s] copying robot_patrol_node/__init__.py -> /home/natch/projects/robot-map-poisoning-defense/build/robot_patrol_node/build/lib/robot_patrol_node
[1.527s] running install
[1.532s] running install_lib
[1.548s] creating /home/natch/projects/robot-map-poisoning-defense/install/robot_patrol_node/lib/python3.12/site-packages/robot_patrol_node
[1.550s] copying /home/natch/projects/robot-map-poisoning-defense/build/robot_patrol_node/build/lib/robot_patrol_node/__init__.py -> /home/natch/projects/robot-map-poisoning-defense/install/robot_patrol_node/lib/python3.12/site-packages/robot_patrol_node
[1.550s] byte-compiling /home/natch/projects/robot-map-poisoning-defense/install/robot_patrol_node/lib/python3.12/site-packages/robot_patrol_node/__init__.py to __init__.cpython-312.pyc
[1.550s] running install_data
[1.551s] creating /home/natch/projects/robot-map-poisoning-defense/install/robot_patrol_node/share/ament_index
[1.552s] creating /home/natch/projects/robot-map-poisoning-defense/install/robot_patrol_node/share/ament_index/resource_index
[1.552s] creating /home/natch/projects/robot-map-poisoning-defense/install/robot_patrol_node/share/ament_index/resource_index/packages
[1.552s] copying resource/robot_patrol_node -> /home/natch/projects/robot-map-poisoning-defense/install/robot_patrol_node/share/ament_index/resource_index/packages
[1.552s] copying package.xml -> /home/natch/projects/robot-map-poisoning-defense/install/robot_patrol_node/share/robot_patrol_node
[1.552s] running install_egg_info
[1.568s] Copying ../../build/robot_patrol_node/robot_patrol_node.egg-info to /home/natch/projects/robot-map-poisoning-defense/install/robot_patrol_node/lib/python3.12/site-packages/robot_patrol_node-0.0.0-py3.12.egg-info
[1.569s] running install_scripts
[1.671s] writing list of installed files to '/home/natch/projects/robot-map-poisoning-defense/build/robot_patrol_node/install.log'
[1.722s] Invoked command in '/home/natch/projects/robot-map-poisoning-defense/src/robot_patrol_node' returned '0': PYTHONPATH=/home/natch/projects/robot-map-poisoning-defense/build/robot_patrol_node/prefix_override:/usr/lib/python3/dist-packages/colcon_core/task/python/colcon_distutils_commands:/home/natch/projects/robot-map-poisoning-defense/install/robot_patrol_node/lib/python3.12/site-packages:${PYTHONPATH} /usr/bin/python3 -W ignore:setup.py install is deprecated -W ignore:easy_install command is deprecated setup.py egg_info --egg-base ../../build/robot_patrol_node build --build-base /home/natch/projects/robot-map-poisoning-defense/build/robot_patrol_node/build install --record /home/natch/projects/robot-map-poisoning-defense/build/robot_patrol_node/install.log --single-version-externally-managed install_data
